## AST
Program {_programSpecialDeclarations = [DimensionDeclaration 1,AxesDeclaration ["x"]], _programBinding = BindingF [SubstF (IdentF "NX") (ImmF (300 % 1)),TypeDeclF  double (IdentF "mu"),SubstF (IdentF "mu") (ImmF (1 % 10)),SubstF (IdentF "init") (LambdaF () (LetF (BindingF [TypeDeclF  double() (IdentF "u"),SubstF (IdentF "u") (ImmF (0 % 1))]) (IdentF "u"))),SubstF (IdentF "step") (LambdaF (IdentF "u") (LetF (BindingF [SubstF (GridF (NPlusK "i" (0 % 1)) (IdentF "u1")) (BinopF "-" (GridF (NPlusK "i" (0 % 1)) (IdentF "u")) (BinopF "*" (IdentF "mu") (BinopF "-" (GridF (NPlusK "i" (1 % 1)) (IdentF "u")) (GridF (NPlusK "i" (0 % 1)) (IdentF "u"))))),SubstF (GridF (NPlusK "i" (0 % 1)) (IdentF "u_next")) (BinopF "/" (BinopF "-" (BinopF "+" (GridF (NPlusK "i" (0 % 1)) (IdentF "u")) (GridF (NPlusK "i" (0 % 1)) (IdentF "u1"))) (BinopF "*" (IdentF "mu") (BinopF "-" (GridF (NPlusK "i" (0 % 1)) (IdentF "u1")) (GridF (NPlusK "i" ((-1) % 1)) (IdentF "u1"))))) (ImmF (2 % 1)))]) (IdentF "u_next")))], _programNumericalConfig = NumericalConfig {_ncIntraNodeShape = (300), _ncMPIGridShape = (1), _ncTemporalBlockingInterval = 4, _ncMonitorInterval = 8, _ncInitialWalls = fromList [("x",[150])], _ncWallInverted = Nothing, _ncOptionStrings = []}}

## Desugared AST
Program {_programSpecialDeclarations = [DimensionDeclaration 1,AxesDeclaration ["x"]], _programBinding = BindingF [SubstF (IdentF "NX") (ImmF (300 % 1)),TypeDeclF  double (IdentF "mu"),SubstF (IdentF "mu") (ImmF (1 % 10)),SubstF (IdentF "init") (LambdaF () (LetF (BindingF [TypeDeclF  double(0 % 1) (IdentF "u"),SubstF (IdentF "u") (ImmF (0 % 1))]) (IdentF "u"))),SubstF (IdentF "step") (LambdaF (IdentF "u") (LetF (BindingF [SubstF (GridF (NPlusK "i" (0 % 1)) (IdentF "u1")) (BinopF "-" (GridF (NPlusK "i" (0 % 1)) (IdentF "u")) (BinopF "*" (IdentF "mu") (BinopF "-" (GridF (NPlusK "i" (1 % 1)) (IdentF "u")) (GridF (NPlusK "i" (0 % 1)) (IdentF "u"))))),SubstF (GridF (NPlusK "i" (0 % 1)) (IdentF "u_next")) (BinopF "/" (BinopF "-" (BinopF "+" (GridF (NPlusK "i" (0 % 1)) (IdentF "u")) (GridF (NPlusK "i" (0 % 1)) (IdentF "u1"))) (BinopF "*" (IdentF "mu") (BinopF "-" (GridF (NPlusK "i" (0 % 1)) (IdentF "u1")) (GridF (NPlusK "i" ((-1) % 1)) (IdentF "u1"))))) (ImmF (2 % 1)))]) (IdentF "u_next")))], _programNumericalConfig = NumericalConfig {_ncIntraNodeShape = (300), _ncMPIGridShape = (1), _ncTemporalBlockingInterval = 4, _ncMonitorInterval = 8, _ncInitialWalls = fromList [("x",[150])], _ncWallInverted = Nothing, _ncOptionStrings = []}}

## Debug print: global environment of the simulation
GlobalEnvironment {_dimension = 1, _axesNames = ("x"), _envNumericalConfig = NumericalConfig {_ncIntraNodeShape = (300), _ncMPIGridShape = (1), _ncTemporalBlockingInterval = 4, _ncMonitorInterval = 8, _ncInitialWalls = fromList [("x",[150])], _ncWallInverted = Nothing, _ncOptionStrings = []}}

## Debug print: simulation state
fromList [("u",double(0 % 1))]

## Debug print: init graph
  NX       (0,ImmF (300 % 1) :: Rational)
  mu       (1,ImmF (1 % 10) :: Rational)
  u        (2,ImmF (0 % 1) :: Rational)
M u_next   (3,StoreF "u" 2 :: void)

## Debug print: step graph
  NX       (0,ImmF (300 % 1) :: Rational)
  mu       (1,ImmF (1 % 10) :: Rational)
           (2,LoadF "u" :: double(0 % 1))
           (3,LoadIndexF 0 :: Rational)
           (4,ShiftF (1) 2 :: double(0 % 1))
           (5,BinopF "-" 4 2 :: double(0 % 1))
           (6,BinopF "*" 1 5 :: double(0 % 1))
  u1       (7,BinopF "-" 2 6 :: double(0 % 1))
           (8,LoadIndexF 0 :: Rational)
           (9,BinopF "+" 2 7 :: double(0 % 1))
           (10,ShiftF (-1) 7 :: double(0 % 1))
           (11,BinopF "-" 7 10 :: double(0 % 1))
           (12,BinopF "*" 1 11 :: double(0 % 1))
           (13,BinopF "-" 9 12 :: double(0 % 1))
           (14,ImmF (2 % 1) :: Rational)
  u_next   (15,BinopF "/" 13 14 :: double(0 % 1))
M u_next   (16,StoreF "u" 15 :: void)

manifest node ID: [3]
manifest node ID: [16]
## Debug print: manifested init graph
u_next   (3,fromList [(0,ImmF (0 % 1) :: Rational),(1,StoreF "u" 0 :: void)] :: void)

## Debug print: manifested step graph
u_next   (16,fromList [(0,LoadCursorStaticF (0) "u" :: double),(1,ImmF (1 % 10) :: Rational),(2,LoadCursorStaticF (1) "u" :: double),(3,BinopF "-" 2 0 :: double),(4,BinopF "*" 1 3 :: double),(5,BinopF "-" 0 4 :: double),(6,BinopF "+" 0 5 :: double),(7,LoadCursorStaticF (-1) "u" :: double),(8,ImmF (1 % 10) :: Rational),(9,BinopF "-" 0 7 :: double),(10,BinopF "*" 8 9 :: double),(11,BinopF "-" 7 10 :: double),(12,BinopF "-" 5 11 :: double),(13,BinopF "*" 1 12 :: double),(14,BinopF "-" 6 13 :: double),(15,ImmF (2 % 1) :: Rational),(16,BinopF "/" 14 15 :: double),(17,StoreF "u" 16 :: void)] :: void)

Target language is:MPICxx
u_next   (16,fromList [(0,LoadCursorStaticF (0) "u" :: double),(1,ImmF (1 % 10) :: Rational),(2,LoadCursorStaticF (1) "u" :: double),(3,BinopF "-" 2 0 :: double),(4,BinopF "*" 1 3 :: double),(5,BinopF "-" 0 4 :: double),(6,BinopF "+" 0 5 :: double),(7,LoadCursorStaticF (-1) "u" :: double),(8,ImmF (1 % 10) :: Rational),(9,BinopF "-" 0 7 :: double),(10,BinopF "*" 8 9 :: double),(11,BinopF "-" 7 10 :: double),(12,BinopF "-" 5 11 :: double),(13,BinopF "*" 1 12 :: double),(14,BinopF "-" 6 13 :: double),(15,ImmF (2 % 1) :: Rational),(16,BinopF "/" 14 15 :: double),(17,UniopF "+" 16 :: void)] :: double(0 % 1))
u_next   (17,fromList [(0,LoadCursorF (0) 16 :: double),(1,ImmF (1 % 10) :: Rational),(2,LoadCursorF (1) 16 :: double),(3,BinopF "-" 2 0 :: double),(4,BinopF "*" 1 3 :: double),(5,BinopF "-" 0 4 :: double),(6,BinopF "+" 0 5 :: double),(7,LoadCursorF (-1) 16 :: double),(8,ImmF (1 % 10) :: Rational),(9,BinopF "-" 0 7 :: double),(10,BinopF "*" 8 9 :: double),(11,BinopF "-" 7 10 :: double),(12,BinopF "-" 5 11 :: double),(13,BinopF "*" 1 12 :: double),(14,BinopF "-" 6 13 :: double),(15,ImmF (2 % 1) :: Rational),(16,BinopF "/" 14 15 :: double),(17,UniopF "+" 16 :: void)] :: double(0 % 1))
u_next   (18,fromList [(0,LoadCursorF (0) 17 :: double),(1,ImmF (1 % 10) :: Rational),(2,LoadCursorF (1) 17 :: double),(3,BinopF "-" 2 0 :: double),(4,BinopF "*" 1 3 :: double),(5,BinopF "-" 0 4 :: double),(6,BinopF "+" 0 5 :: double),(7,LoadCursorF (-1) 17 :: double),(8,ImmF (1 % 10) :: Rational),(9,BinopF "-" 0 7 :: double),(10,BinopF "*" 8 9 :: double),(11,BinopF "-" 7 10 :: double),(12,BinopF "-" 5 11 :: double),(13,BinopF "*" 1 12 :: double),(14,BinopF "-" 6 13 :: double),(15,ImmF (2 % 1) :: Rational),(16,BinopF "/" 14 15 :: double),(17,UniopF "+" 16 :: void)] :: double(0 % 1))
u_next   (19,fromList [(0,LoadCursorF (0) 18 :: double),(1,ImmF (1 % 10) :: Rational),(2,LoadCursorF (1) 18 :: double),(3,BinopF "-" 2 0 :: double),(4,BinopF "*" 1 3 :: double),(5,BinopF "-" 0 4 :: double),(6,BinopF "+" 0 5 :: double),(7,LoadCursorF (-1) 18 :: double),(8,ImmF (1 % 10) :: Rational),(9,BinopF "-" 0 7 :: double),(10,BinopF "*" 8 9 :: double),(11,BinopF "-" 7 10 :: double),(12,BinopF "-" 5 11 :: double),(13,BinopF "*" 1 12 :: double),(14,BinopF "-" 6 13 :: double),(15,ImmF (2 % 1) :: Rational),(16,BinopF "/" 14 15 :: double),(17,StoreF "u" 16 :: void)] :: void)
### wallEvolution
([0,150,300])
### wallEvolution
fromList [(16,([1,149,301])),(17,([2,148,302])),(18,([3,147,303])),(19,([4,146,304]))]
### inverted0
False
NODE: 16
  IR: IRank IRankCompareReverse (0)
    「(1) (149)」
  IR: IRank IRankCompareReverse (1)
    「(149) (301)」
NODE: 17
  IR: IRank IRankCompareReverse (0)
    「(2) (148)」
  IR: IRank IRankCompareReverse (1)
    「(148) (302)」
NODE: 18
  IR: IRank IRankCompareReverse (0)
    「(3) (147)」
  IR: IRank IRankCompareReverse (1)
    「(147) (303)」
NODE: 19
  IR: IRank IRankCompareReverse (0)
    「(4) (146)」
  IR: IRank IRankCompareReverse (1)
    「(146) (304)」
IR: IRank IRankCompareReverse (0)
  NODE: 16
    Just (fromList [(ResourceStatic "u" (),「(0) (150)」)])
  NODE: 17
    Just (fromList [(ResourceOMNode 16 (),「(1) (149)」)])
  NODE: 18
    Just (fromList [(ResourceOMNode 17 (),「(2) (148)」)])
  NODE: 19
    Just (fromList [(ResourceOMNode 18 (),「(3) (147)」)])
IR: IRank IRankCompareReverse (1)
  NODE: 16
    Just (fromList [(ResourceStatic "u" (),「(148) (302)」)])
  NODE: 17
    Just (fromList [(ResourceOMNode 16 (),「(147) (303)」)])
  NODE: 18
    Just (fromList [(ResourceOMNode 17 (),「(146) (304)」)])
  NODE: 19
    Just (fromList [(ResourceOMNode 18 (),「(145) (305)」)])
#### Allocation List ####
ResourceStatic "u" ()
  「(0) (302)」
ResourceOMNode 16 (IRank IRankCompareReverse (0))
  「(1) (149)」
ResourceOMNode 16 (IRank IRankCompareReverse (1))
  「(147) (303)」
ResourceOMNode 17 (IRank IRankCompareReverse (0))
  「(2) (148)」
ResourceOMNode 17 (IRank IRankCompareReverse (1))
  「(146) (304)」
ResourceOMNode 18 (IRank IRankCompareReverse (0))
  「(3) (147)」
ResourceOMNode 18 (IRank IRankCompareReverse (1))
  「(145) (305)」
ResourceOMNode 19 (IRank IRankCompareReverse (0))
  「(4) (146)」
ResourceOMNode 19 (IRank IRankCompareReverse (1))
  「(146) (304)」
#### Resource Sharing ####
0
  ResourceOMNode 16 (IRank IRankCompareReverse (0))
  ResourceOMNode 16 (IRank IRankCompareReverse (1))
  ResourceOMNode 18 (IRank IRankCompareReverse (0))
  ResourceOMNode 18 (IRank IRankCompareReverse (1))
1
  ResourceOMNode 17 (IRank IRankCompareReverse (0))
  ResourceOMNode 17 (IRank IRankCompareReverse (1))
#### Ridge List ####
RidgeID {_ridgeDeltaMPI = MPIRank (0), _ridgeDelta = ResourceOMNode 16 (IRank IRankCompareReverse (0),IRank IRankCompareReverse (1))}
  「(147) (149)」
RidgeID {_ridgeDeltaMPI = MPIRank (0), _ridgeDelta = ResourceOMNode 17 (IRank IRankCompareReverse (0),IRank IRankCompareReverse (1))}
  「(146) (148)」
RidgeID {_ridgeDeltaMPI = MPIRank (0), _ridgeDelta = ResourceOMNode 18 (IRank IRankCompareReverse (0),IRank IRankCompareReverse (1))}
  「(145) (147)」
RidgeID {_ridgeDeltaMPI = MPIRank (1), _ridgeDelta = ResourceStatic "u" ()}
  「(300) (302)」
RidgeID {_ridgeDeltaMPI = MPIRank (1), _ridgeDelta = ResourceOMNode 16 (IRank IRankCompareReverse (0),IRank IRankCompareReverse (1))}
  「(301) (303)」
RidgeID {_ridgeDeltaMPI = MPIRank (1), _ridgeDelta = ResourceOMNode 17 (IRank IRankCompareReverse (0),IRank IRankCompareReverse (1))}
  「(302) (304)」
RidgeID {_ridgeDeltaMPI = MPIRank (1), _ridgeDelta = ResourceOMNode 18 (IRank IRankCompareReverse (0),IRank IRankCompareReverse (1))}
  「(303) (305)」
#### Facet List ####
FacetID {_facetDeltaMPI = MPIRank (1), _facetIRSrc = IRank IRankCompareReverse (0), _facetIRDest = IRank IRankCompareReverse (1)}
  [RidgeID {_ridgeDeltaMPI = MPIRank (1), _ridgeDelta = ResourceStatic "u" ()},RidgeID {_ridgeDeltaMPI = MPIRank (1), _ridgeDelta = ResourceOMNode 16 (IRank IRankCompareReverse (0),IRank IRankCompareReverse (1))},RidgeID {_ridgeDeltaMPI = MPIRank (1), _ridgeDelta = ResourceOMNode 17 (IRank IRankCompareReverse (0),IRank IRankCompareReverse (1))},RidgeID {_ridgeDeltaMPI = MPIRank (1), _ridgeDelta = ResourceOMNode 18 (IRank IRankCompareReverse (0),IRank IRankCompareReverse (1))}]
#### Program ####
Stage (RidgeID {_ridgeDeltaMPI = MPIRank (1), _ridgeDelta = ResourceStatic "u" ()})
Computation (IRank IRankCompareReverse (0),16) (ResourceOMNode 16 (IRank IRankCompareReverse (0)))
Stage (RidgeID {_ridgeDeltaMPI = MPIRank (0), _ridgeDelta = ResourceOMNode 16 (IRank IRankCompareReverse (0),IRank IRankCompareReverse (1))})
Stage (RidgeID {_ridgeDeltaMPI = MPIRank (1), _ridgeDelta = ResourceOMNode 16 (IRank IRankCompareReverse (0),IRank IRankCompareReverse (1))})
Computation (IRank IRankCompareReverse (0),17) (ResourceOMNode 17 (IRank IRankCompareReverse (0)))
FreeResource (ResourceOMNode 16 (IRank IRankCompareReverse (0)))
Stage (RidgeID {_ridgeDeltaMPI = MPIRank (0), _ridgeDelta = ResourceOMNode 17 (IRank IRankCompareReverse (0),IRank IRankCompareReverse (1))})
Stage (RidgeID {_ridgeDeltaMPI = MPIRank (1), _ridgeDelta = ResourceOMNode 17 (IRank IRankCompareReverse (0),IRank IRankCompareReverse (1))})
Computation (IRank IRankCompareReverse (0),18) (ResourceOMNode 18 (IRank IRankCompareReverse (0)))
FreeResource (ResourceOMNode 17 (IRank IRankCompareReverse (0)))
Stage (RidgeID {_ridgeDeltaMPI = MPIRank (0), _ridgeDelta = ResourceOMNode 18 (IRank IRankCompareReverse (0),IRank IRankCompareReverse (1))})
Stage (RidgeID {_ridgeDeltaMPI = MPIRank (1), _ridgeDelta = ResourceOMNode 18 (IRank IRankCompareReverse (0),IRank IRankCompareReverse (1))})
Computation (IRank IRankCompareReverse (0),19) (ResourceStatic "u" ())
FreeResource (ResourceOMNode 18 (IRank IRankCompareReverse (0)))
CommunicationSendRecv (FacetID {_facetDeltaMPI = MPIRank (1), _facetIRSrc = IRank IRankCompareReverse (0), _facetIRDest = IRank IRankCompareReverse (1)})
CommunicationWait (FacetID {_facetDeltaMPI = MPIRank (1), _facetIRSrc = IRank IRankCompareReverse (0), _facetIRDest = IRank IRankCompareReverse (1)})
Unstage (RidgeID {_ridgeDeltaMPI = MPIRank (1), _ridgeDelta = ResourceStatic "u" ()})
Computation (IRank IRankCompareReverse (1),16) (ResourceOMNode 16 (IRank IRankCompareReverse (1)))
Unstage (RidgeID {_ridgeDeltaMPI = MPIRank (0), _ridgeDelta = ResourceOMNode 16 (IRank IRankCompareReverse (0),IRank IRankCompareReverse (1))})
Unstage (RidgeID {_ridgeDeltaMPI = MPIRank (1), _ridgeDelta = ResourceOMNode 16 (IRank IRankCompareReverse (0),IRank IRankCompareReverse (1))})
Computation (IRank IRankCompareReverse (1),17) (ResourceOMNode 17 (IRank IRankCompareReverse (1)))
FreeResource (ResourceOMNode 16 (IRank IRankCompareReverse (1)))
Unstage (RidgeID {_ridgeDeltaMPI = MPIRank (0), _ridgeDelta = ResourceOMNode 17 (IRank IRankCompareReverse (0),IRank IRankCompareReverse (1))})
Unstage (RidgeID {_ridgeDeltaMPI = MPIRank (1), _ridgeDelta = ResourceOMNode 17 (IRank IRankCompareReverse (0),IRank IRankCompareReverse (1))})
Computation (IRank IRankCompareReverse (1),18) (ResourceOMNode 18 (IRank IRankCompareReverse (1)))
FreeResource (ResourceOMNode 17 (IRank IRankCompareReverse (1)))
Unstage (RidgeID {_ridgeDeltaMPI = MPIRank (0), _ridgeDelta = ResourceOMNode 18 (IRank IRankCompareReverse (0),IRank IRankCompareReverse (1))})
Unstage (RidgeID {_ridgeDeltaMPI = MPIRank (1), _ridgeDelta = ResourceOMNode 18 (IRank IRankCompareReverse (0),IRank IRankCompareReverse (1))})
Computation (IRank IRankCompareReverse (1),19) (ResourceStatic "u" ())
FreeResource (ResourceOMNode 18 (IRank IRankCompareReverse (1)))
### wallEvolution
([0,150,300])
### wallEvolution
fromList [(16,([-1,151,299])),(17,([-2,152,298])),(18,([-3,153,297])),(19,([-4,154,296]))]
### inverted0
True
NODE: 16
  IR: IRank IRankCompareReverse (1)
    「(151) (299)」
  IR: IRank IRankCompareReverse (0)
    「(-1) (151)」
NODE: 17
  IR: IRank IRankCompareReverse (1)
    「(152) (298)」
  IR: IRank IRankCompareReverse (0)
    「(-2) (152)」
NODE: 18
  IR: IRank IRankCompareReverse (1)
    「(153) (297)」
  IR: IRank IRankCompareReverse (0)
    「(-3) (153)」
NODE: 19
  IR: IRank IRankCompareReverse (1)
    「(154) (296)」
  IR: IRank IRankCompareReverse (0)
    「(-4) (154)」
IR: IRank IRankCompareReverse (1)
  NODE: 16
    Just (fromList [(ResourceStatic "u" (),「(150) (300)」)])
  NODE: 17
    Just (fromList [(ResourceOMNode 16 (),「(151) (299)」)])
  NODE: 18
    Just (fromList [(ResourceOMNode 17 (),「(152) (298)」)])
  NODE: 19
    Just (fromList [(ResourceOMNode 18 (),「(153) (297)」)])
IR: IRank IRankCompareReverse (0)
  NODE: 16
    Just (fromList [(ResourceStatic "u" (),「(-2) (152)」)])
  NODE: 17
    Just (fromList [(ResourceOMNode 16 (),「(-3) (153)」)])
  NODE: 18
    Just (fromList [(ResourceOMNode 17 (),「(-4) (154)」)])
  NODE: 19
    Just (fromList [(ResourceOMNode 18 (),「(-5) (155)」)])
#### Allocation List ####
ResourceStatic "u" ()
  「(-2) (300)」
ResourceOMNode 16 (IRank IRankCompareReverse (0))
  「(-3) (153)」
ResourceOMNode 16 (IRank IRankCompareReverse (1))
  「(151) (299)」
ResourceOMNode 17 (IRank IRankCompareReverse (0))
  「(-4) (154)」
ResourceOMNode 17 (IRank IRankCompareReverse (1))
  「(152) (298)」
ResourceOMNode 18 (IRank IRankCompareReverse (0))
  「(-5) (155)」
ResourceOMNode 18 (IRank IRankCompareReverse (1))
  「(153) (297)」
ResourceOMNode 19 (IRank IRankCompareReverse (0))
  「(-4) (154)」
ResourceOMNode 19 (IRank IRankCompareReverse (1))
  「(154) (296)」
#### Resource Sharing ####
0
  ResourceOMNode 16 (IRank IRankCompareReverse (0))
  ResourceOMNode 16 (IRank IRankCompareReverse (1))
  ResourceOMNode 18 (IRank IRankCompareReverse (0))
  ResourceOMNode 18 (IRank IRankCompareReverse (1))
1
  ResourceOMNode 17 (IRank IRankCompareReverse (0))
  ResourceOMNode 17 (IRank IRankCompareReverse (1))
#### Ridge List ####
RidgeID {_ridgeDeltaMPI = MPIRank (-1), _ridgeDelta = ResourceStatic "u" ()}
  「(-2) (0)」
RidgeID {_ridgeDeltaMPI = MPIRank (-1), _ridgeDelta = ResourceOMNode 16 (IRank IRankCompareReverse (1),IRank IRankCompareReverse (0))}
  「(-3) (-1)」
RidgeID {_ridgeDeltaMPI = MPIRank (-1), _ridgeDelta = ResourceOMNode 17 (IRank IRankCompareReverse (1),IRank IRankCompareReverse (0))}
  「(-4) (-2)」
RidgeID {_ridgeDeltaMPI = MPIRank (-1), _ridgeDelta = ResourceOMNode 18 (IRank IRankCompareReverse (1),IRank IRankCompareReverse (0))}
  「(-5) (-3)」
RidgeID {_ridgeDeltaMPI = MPIRank (0), _ridgeDelta = ResourceOMNode 16 (IRank IRankCompareReverse (1),IRank IRankCompareReverse (0))}
  「(151) (153)」
RidgeID {_ridgeDeltaMPI = MPIRank (0), _ridgeDelta = ResourceOMNode 17 (IRank IRankCompareReverse (1),IRank IRankCompareReverse (0))}
  「(152) (154)」
RidgeID {_ridgeDeltaMPI = MPIRank (0), _ridgeDelta = ResourceOMNode 18 (IRank IRankCompareReverse (1),IRank IRankCompareReverse (0))}
  「(153) (155)」
#### Facet List ####
FacetID {_facetDeltaMPI = MPIRank (-1), _facetIRSrc = IRank IRankCompareReverse (1), _facetIRDest = IRank IRankCompareReverse (0)}
  [RidgeID {_ridgeDeltaMPI = MPIRank (-1), _ridgeDelta = ResourceStatic "u" ()},RidgeID {_ridgeDeltaMPI = MPIRank (-1), _ridgeDelta = ResourceOMNode 16 (IRank IRankCompareReverse (1),IRank IRankCompareReverse (0))},RidgeID {_ridgeDeltaMPI = MPIRank (-1), _ridgeDelta = ResourceOMNode 17 (IRank IRankCompareReverse (1),IRank IRankCompareReverse (0))},RidgeID {_ridgeDeltaMPI = MPIRank (-1), _ridgeDelta = ResourceOMNode 18 (IRank IRankCompareReverse (1),IRank IRankCompareReverse (0))}]
#### Program ####
Stage (RidgeID {_ridgeDeltaMPI = MPIRank (-1), _ridgeDelta = ResourceStatic "u" ()})
Computation (IRank IRankCompareReverse (1),16) (ResourceOMNode 16 (IRank IRankCompareReverse (1)))
Stage (RidgeID {_ridgeDeltaMPI = MPIRank (-1), _ridgeDelta = ResourceOMNode 16 (IRank IRankCompareReverse (1),IRank IRankCompareReverse (0))})
Stage (RidgeID {_ridgeDeltaMPI = MPIRank (0), _ridgeDelta = ResourceOMNode 16 (IRank IRankCompareReverse (1),IRank IRankCompareReverse (0))})
Computation (IRank IRankCompareReverse (1),17) (ResourceOMNode 17 (IRank IRankCompareReverse (1)))
FreeResource (ResourceOMNode 16 (IRank IRankCompareReverse (1)))
Stage (RidgeID {_ridgeDeltaMPI = MPIRank (-1), _ridgeDelta = ResourceOMNode 17 (IRank IRankCompareReverse (1),IRank IRankCompareReverse (0))})
Stage (RidgeID {_ridgeDeltaMPI = MPIRank (0), _ridgeDelta = ResourceOMNode 17 (IRank IRankCompareReverse (1),IRank IRankCompareReverse (0))})
Computation (IRank IRankCompareReverse (1),18) (ResourceOMNode 18 (IRank IRankCompareReverse (1)))
FreeResource (ResourceOMNode 17 (IRank IRankCompareReverse (1)))
Stage (RidgeID {_ridgeDeltaMPI = MPIRank (-1), _ridgeDelta = ResourceOMNode 18 (IRank IRankCompareReverse (1),IRank IRankCompareReverse (0))})
Stage (RidgeID {_ridgeDeltaMPI = MPIRank (0), _ridgeDelta = ResourceOMNode 18 (IRank IRankCompareReverse (1),IRank IRankCompareReverse (0))})
Computation (IRank IRankCompareReverse (1),19) (ResourceStatic "u" ())
FreeResource (ResourceOMNode 18 (IRank IRankCompareReverse (1)))
CommunicationSendRecv (FacetID {_facetDeltaMPI = MPIRank (-1), _facetIRSrc = IRank IRankCompareReverse (1), _facetIRDest = IRank IRankCompareReverse (0)})
CommunicationWait (FacetID {_facetDeltaMPI = MPIRank (-1), _facetIRSrc = IRank IRankCompareReverse (1), _facetIRDest = IRank IRankCompareReverse (0)})
Unstage (RidgeID {_ridgeDeltaMPI = MPIRank (-1), _ridgeDelta = ResourceStatic "u" ()})
Computation (IRank IRankCompareReverse (0),16) (ResourceOMNode 16 (IRank IRankCompareReverse (0)))
Unstage (RidgeID {_ridgeDeltaMPI = MPIRank (-1), _ridgeDelta = ResourceOMNode 16 (IRank IRankCompareReverse (1),IRank IRankCompareReverse (0))})
Unstage (RidgeID {_ridgeDeltaMPI = MPIRank (0), _ridgeDelta = ResourceOMNode 16 (IRank IRankCompareReverse (1),IRank IRankCompareReverse (0))})
Computation (IRank IRankCompareReverse (0),17) (ResourceOMNode 17 (IRank IRankCompareReverse (0)))
FreeResource (ResourceOMNode 16 (IRank IRankCompareReverse (0)))
Unstage (RidgeID {_ridgeDeltaMPI = MPIRank (-1), _ridgeDelta = ResourceOMNode 17 (IRank IRankCompareReverse (1),IRank IRankCompareReverse (0))})
Unstage (RidgeID {_ridgeDeltaMPI = MPIRank (0), _ridgeDelta = ResourceOMNode 17 (IRank IRankCompareReverse (1),IRank IRankCompareReverse (0))})
Computation (IRank IRankCompareReverse (0),18) (ResourceOMNode 18 (IRank IRankCompareReverse (0)))
FreeResource (ResourceOMNode 17 (IRank IRankCompareReverse (0)))
Unstage (RidgeID {_ridgeDeltaMPI = MPIRank (-1), _ridgeDelta = ResourceOMNode 18 (IRank IRankCompareReverse (1),IRank IRankCompareReverse (0))})
Unstage (RidgeID {_ridgeDeltaMPI = MPIRank (0), _ridgeDelta = ResourceOMNode 18 (IRank IRankCompareReverse (1),IRank IRankCompareReverse (0))})
Computation (IRank IRankCompareReverse (0),19) (ResourceStatic "u" ())
FreeResource (ResourceOMNode 18 (IRank IRankCompareReverse (0)))
## Subroutine Analysis
### cprog0
CProgram {_headerFileContent = Src [Raw "\n#pragma once\n#ifdef __cplusplus\nextern \"C\"\n{\n#endif\n#include <mpi.h>\n\n\n#define NX  300\ntypedef double rsc_surface;\nextern double u[306];\nextern double Rsc0[160];\nextern double Rsc1[160];\nstruct Facet_1_src__0_dest__1{double Ridge_1_St_u[2];\ndouble Ridge_1_Om_16_r__0_r__1[2];\ndouble Ridge_1_Om_17_r__0_r__1[2];\ndouble Ridge_1_Om_18_r__0_r__1[2];\n};extern struct Facet_1_src__0_dest__1 Facet_1_src__0_dest__1_Send;extern struct Facet_1_src__0_dest__1 Facet_1_src__0_dest__1_Recv;extern MPI_Request req_Facet_1_src__0_dest__1;\n\nextern double Ridge_0_Om_16_r__0_r__1[2];\nextern double Ridge_0_Om_17_r__0_r__1[2];\nextern double Ridge_0_Om_18_r__0_r__1[2];\ntypedef double rsc_surface;\nstruct Facet_m1_src__1_dest__0{double Ridge_m1_St_u[2];\ndouble Ridge_m1_Om_16_r__1_r__0[2];\ndouble Ridge_m1_Om_17_r__1_r__0[2];\ndouble Ridge_m1_Om_18_r__1_r__0[2];\n};extern struct Facet_m1_src__1_dest__0 Facet_m1_src__1_dest__0_Send;extern struct Facet_m1_src__1_dest__0 Facet_m1_src__1_dest__0_Recv;extern MPI_Request req_Facet_m1_src__1_dest__0;\n\nextern double Ridge_0_Om_16_r__1_r__0[2];\nextern double Ridge_0_Om_17_r__1_r__0[2];\nextern double Ridge_0_Om_18_r__1_r__0[2];\n\nstruct Formura_Navigator {\nint time_step;\nint lower_x;\nint upper_x;\nint offset_x;\nMPI_Comm mpi_comm;\nint mpi_my_rank;\nint mpi_rank__m1;\nint mpi_rank__0;\nint mpi_rank__1;\n};\nextern struct Formura_Navigator navi;\n\nint Formura_Init (struct Formura_Navigator *navi, MPI_Comm comm);\n\nvoid Formura_internal();\nvoid Formura_internal_3();\nvoid Formura_internal_4();\nvoid Formura_internal_5();\n/*INSERT SUBROUTINES HERE*/\nint Formura_Forward (struct Formura_Navigator *navi);\n#ifdef __cplusplus\n}\n#endif\n"], _sourceFileContent = Src [Raw "\n#include <mpi.h>\n#include <math.h>\n#include <stdbool.h>\n\n#include \"maccormack.h\"\n\n\n\ndouble u[306];\ndouble Rsc0[160];\ndouble Rsc1[160];\nstruct Facet_1_src__0_dest__1 Facet_1_src__0_dest__1_Send;struct Facet_1_src__0_dest__1 Facet_1_src__0_dest__1_Recv;MPI_Request req_Facet_1_src__0_dest__1;\n\ndouble Ridge_0_Om_16_r__0_r__1[2];\ndouble Ridge_0_Om_17_r__0_r__1[2];\ndouble Ridge_0_Om_18_r__0_r__1[2];\nstruct Facet_m1_src__1_dest__0 Facet_m1_src__1_dest__0_Send;struct Facet_m1_src__1_dest__0 Facet_m1_src__1_dest__0_Recv;MPI_Request req_Facet_m1_src__1_dest__0;\n\ndouble Ridge_0_Om_16_r__1_r__0[2];\ndouble Ridge_0_Om_17_r__1_r__0[2];\ndouble Ridge_0_Om_18_r__1_r__0[2];\n\nstruct Formura_Navigator navi;\n\nvoid Formura_decode_mpi_rank (int r, int *ix){\nint s=r;\n*ix=s%1;\ns=s/1;\n}\nint Formura_encode_mpi_rank ( int ix){\nint s = 0;\ns *= 1;\ns += (ix%1+1)%1;\nreturn s;}\nint Formura_Init (struct Formura_Navigator *navi, MPI_Comm comm){\nint ix;\nnavi->mpi_comm = comm;\n{int r; MPI_Comm_rank(comm,&r);navi->mpi_my_rank = r;}\nFormura_decode_mpi_rank( navi->mpi_my_rank, &ix);\nnavi->mpi_rank__m1=Formura_encode_mpi_rank( ix+(",Hole (Typed {_holeType = "int", _holeExpr = "-1"}),Raw "));\nnavi->mpi_rank__0=Formura_encode_mpi_rank( ix+(",Hole (Typed {_holeType = "int", _holeExpr = "0"}),Raw "));\nnavi->mpi_rank__1=Formura_encode_mpi_rank( ix+(",Hole (Typed {_holeType = "int", _holeExpr = "1"}),Raw "));\nnavi->time_step=0;\nnavi->offset_x=ix*300-2;\nnavi->lower_x=2;\nnavi->upper_x=2+300;\nreturn 0;}\n\n\nint Formura_Forward (struct Formura_Navigator *navi){\nfor(int timestep=0;timestep<1;++timestep){\nFormura_internal();\nMPI_Irecv( (void*) &Facet_1_src__0_dest__1_Recv , sizeof(struct Facet_1_src__0_dest__1) , MPI_BYTE, navi->mpi_rank__1, 0 , navi->mpi_comm, &req_Facet_1_src__0_dest__1 );\n MPI_Isend( (void*) &Facet_1_src__0_dest__1_Send , sizeof(struct Facet_1_src__0_dest__1) , MPI_BYTE, navi->mpi_rank__m1, 0 , navi->mpi_comm, &req_Facet_1_src__0_dest__1 );\n\nMPI_Wait(&req_Facet_1_src__0_dest__1,MPI_STATUS_IGNORE);\n\nFormura_internal_3();\n\n/* HALFWAYS */\nFormura_internal_4();\nMPI_Irecv( (void*) &Facet_m1_src__1_dest__0_Recv , sizeof(struct Facet_m1_src__1_dest__0) , MPI_BYTE, navi->mpi_rank__m1, 0 , navi->mpi_comm, &req_Facet_m1_src__1_dest__0 );\n MPI_Isend( (void*) &Facet_m1_src__1_dest__0_Send , sizeof(struct Facet_m1_src__1_dest__0) , MPI_BYTE, navi->mpi_rank__1, 0 , navi->mpi_comm, &req_Facet_m1_src__1_dest__0 );\n\nMPI_Wait(&req_Facet_m1_src__1_dest__0,MPI_STATUS_IGNORE);\n\nFormura_internal_5();\n\n\n}\nnavi->time_step += 8;\nreturn 0;}\n"], _auxFilesContent = fromList [("Formura_internal.c",Src [Raw "void Formura_internal(){\n\nfor (int  ix = 0 ; ix < 2 ;++ ix ){\nFacet_1_src__0_dest__1_Send.Ridge_1_St_u[ix]=u[ix+(",Hole (Typed {_holeType = "int", _holeExpr = "2"}),Raw ")];}\n\n",PotentialSubroutine (Src [Raw "\nfor (int  ix = ",Hole (Typed {_holeType = "int", _holeExpr = "0"}),Raw " ; ix < ",Hole (Typed {_holeType = "int", _holeExpr = "148"}),Raw " ; ix += 1 ){\n  double  a=u[ix+(",Hole (Typed {_holeType = "int", _holeExpr = "2"}),Raw ")]/*True*/;\n double  a_0=u[ix+(",Hole (Typed {_holeType = "int", _holeExpr = "3"}),Raw ")]/*True*/;\n double  a_1=u[ix+(",Hole (Typed {_holeType = "int", _holeExpr = "4"}),Raw ")]/*True*/;\n double  a_2=(a_0-a)/*True*/;\n double  a_3=(a_1-a_0)/*True*/;\n double  a_4=(0.1*a_2)/*True*/;\n double  a_5=(0.1*a_3)/*True*/;\n double  a_6=(a-a_4)/*True*/;\n double  a_7=(a_0-a_5)/*True*/;\n double  a_8=(a_0+a_7)/*True*/;\n double  a_9=(a_7-a_6)/*True*/;\n double  a_10=(0.1*a_9)/*True*/;\n double  a_11=(a_8-a_10)/*True*/;\n  double  a_12=(a_11/2.0)/*True*/;\n \n",Hole (Typed {_holeType = "rsc_surface * __restrict ", _holeExpr = "Rsc0"}),Raw "[ix+(",Hole (Typed {_holeType = "int", _holeExpr = "0"}),Raw ")]=(+a_12);\n\n}\n"]),Raw "\n\nfor (int  ix = 0 ; ix < 2 ;++ ix ){\nRidge_0_Om_16_r__0_r__1[ix]=Rsc0[ix+(",Hole (Typed {_holeType = "int", _holeExpr = "146"}),Raw ")];}\n\n\nfor (int  ix = 0 ; ix < 2 ;++ ix ){\nFacet_1_src__0_dest__1_Send.Ridge_1_Om_16_r__0_r__1[ix]=Rsc0[ix+(",Hole (Typed {_holeType = "int", _holeExpr = "0"}),Raw ")];}\n\n",PotentialSubroutine (Src [Raw "\nfor (int  ix = ",Hole (Typed {_holeType = "int", _holeExpr = "0"}),Raw " ; ix < ",Hole (Typed {_holeType = "int", _holeExpr = "146"}),Raw " ; ix += 1 ){\n  double  a=",Hole (Typed {_holeType = "rsc_surface * __restrict ", _holeExpr = "Rsc0"}),Raw "[ix+(",Hole (Typed {_holeType = "int", _holeExpr = "0"}),Raw ")]/*True*/;\n double  a_0=",Hole (Typed {_holeType = "rsc_surface * __restrict ", _holeExpr = "Rsc0"}),Raw "[ix+(",Hole (Typed {_holeType = "int", _holeExpr = "1"}),Raw ")]/*True*/;\n double  a_1=",Hole (Typed {_holeType = "rsc_surface * __restrict ", _holeExpr = "Rsc0"}),Raw "[ix+(",Hole (Typed {_holeType = "int", _holeExpr = "2"}),Raw ")]/*True*/;\n double  a_2=(a_0-a)/*True*/;\n double  a_3=(a_1-a_0)/*True*/;\n double  a_4=(0.1*a_2)/*True*/;\n double  a_5=(0.1*a_3)/*True*/;\n double  a_6=(a-a_4)/*True*/;\n double  a_7=(a_0-a_5)/*True*/;\n double  a_8=(a_0+a_7)/*True*/;\n double  a_9=(a_7-a_6)/*True*/;\n double  a_10=(0.1*a_9)/*True*/;\n double  a_11=(a_8-a_10)/*True*/;\n  double  a_12=(a_11/2.0)/*True*/;\n \n",Hole (Typed {_holeType = "rsc_surface * __restrict ", _holeExpr = "Rsc1"}),Raw "[ix+(",Hole (Typed {_holeType = "int", _holeExpr = "0"}),Raw ")]=(+a_12);\n\n}\n"]),Raw "\n\nfor (int  ix = 0 ; ix < 2 ;++ ix ){\nRidge_0_Om_17_r__0_r__1[ix]=Rsc1[ix+(",Hole (Typed {_holeType = "int", _holeExpr = "144"}),Raw ")];}\n\n\nfor (int  ix = 0 ; ix < 2 ;++ ix ){\nFacet_1_src__0_dest__1_Send.Ridge_1_Om_17_r__0_r__1[ix]=Rsc1[ix+(",Hole (Typed {_holeType = "int", _holeExpr = "0"}),Raw ")];}\n\n",PotentialSubroutine (Src [Raw "\nfor (int  ix = ",Hole (Typed {_holeType = "int", _holeExpr = "0"}),Raw " ; ix < ",Hole (Typed {_holeType = "int", _holeExpr = "144"}),Raw " ; ix += 1 ){\n  double  a=",Hole (Typed {_holeType = "rsc_surface * __restrict ", _holeExpr = "Rsc1"}),Raw "[ix+(",Hole (Typed {_holeType = "int", _holeExpr = "0"}),Raw ")]/*True*/;\n double  a_0=",Hole (Typed {_holeType = "rsc_surface * __restrict ", _holeExpr = "Rsc1"}),Raw "[ix+(",Hole (Typed {_holeType = "int", _holeExpr = "1"}),Raw ")]/*True*/;\n double  a_1=",Hole (Typed {_holeType = "rsc_surface * __restrict ", _holeExpr = "Rsc1"}),Raw "[ix+(",Hole (Typed {_holeType = "int", _holeExpr = "2"}),Raw ")]/*True*/;\n double  a_2=(a_0-a)/*True*/;\n double  a_3=(a_1-a_0)/*True*/;\n double  a_4=(0.1*a_2)/*True*/;\n double  a_5=(0.1*a_3)/*True*/;\n double  a_6=(a-a_4)/*True*/;\n double  a_7=(a_0-a_5)/*True*/;\n double  a_8=(a_0+a_7)/*True*/;\n double  a_9=(a_7-a_6)/*True*/;\n double  a_10=(0.1*a_9)/*True*/;\n double  a_11=(a_8-a_10)/*True*/;\n  double  a_12=(a_11/2.0)/*True*/;\n \n",Hole (Typed {_holeType = "rsc_surface * __restrict ", _holeExpr = "Rsc0"}),Raw "[ix+(",Hole (Typed {_holeType = "int", _holeExpr = "0"}),Raw ")]=(+a_12);\n\n}\n"]),Raw "\n\nfor (int  ix = 0 ; ix < 2 ;++ ix ){\nRidge_0_Om_18_r__0_r__1[ix]=Rsc0[ix+(",Hole (Typed {_holeType = "int", _holeExpr = "142"}),Raw ")];}\n\n\nfor (int  ix = 0 ; ix < 2 ;++ ix ){\nFacet_1_src__0_dest__1_Send.Ridge_1_Om_18_r__0_r__1[ix]=Rsc0[ix+(",Hole (Typed {_holeType = "int", _holeExpr = "0"}),Raw ")];}\n\n",PotentialSubroutine (Src [Raw "\nfor (int  ix = ",Hole (Typed {_holeType = "int", _holeExpr = "6"}),Raw " ; ix < ",Hole (Typed {_holeType = "int", _holeExpr = "148"}),Raw " ; ix += 1 ){\n  double  a=",Hole (Typed {_holeType = "rsc_surface * __restrict ", _holeExpr = "Rsc0"}),Raw "[ix+(",Hole (Typed {_holeType = "int", _holeExpr = "-6"}),Raw ")]/*True*/;\n double  a_0=",Hole (Typed {_holeType = "rsc_surface * __restrict ", _holeExpr = "Rsc0"}),Raw "[ix+(",Hole (Typed {_holeType = "int", _holeExpr = "-5"}),Raw ")]/*True*/;\n double  a_1=",Hole (Typed {_holeType = "rsc_surface * __restrict ", _holeExpr = "Rsc0"}),Raw "[ix+(",Hole (Typed {_holeType = "int", _holeExpr = "-4"}),Raw ")]/*True*/;\n double  a_2=(a_0-a)/*True*/;\n double  a_3=(a_1-a_0)/*True*/;\n double  a_4=(0.1*a_2)/*True*/;\n double  a_5=(0.1*a_3)/*True*/;\n double  a_6=(a-a_4)/*True*/;\n double  a_7=(a_0-a_5)/*True*/;\n double  a_8=(a_0+a_7)/*True*/;\n double  a_9=(a_7-a_6)/*True*/;\n double  a_10=(0.1*a_9)/*True*/;\n double  a_11=(a_8-a_10)/*True*/;\n  double  a_12=(a_11/2.0)/*True*/;\n \nu[ix+(",Hole (Typed {_holeType = "int", _holeExpr = "-4"}),Raw ")+(",Hole (Typed {_holeType = "int", _holeExpr = "0"}),Raw ")]=a_12;\n\n}\n"]),Raw "\n}\n"]),("Formura_internal_3.c",Src [Raw "void Formura_internal_3(){\n\nfor (int  ix = 0 ; ix < 2 ;++ ix ){\nu[ix+(",Hole (Typed {_holeType = "int", _holeExpr = "302"}),Raw ")]=Facet_1_src__0_dest__1_Recv.Ridge_1_St_u[ix];}\n\n",PotentialSubroutine (Src [Raw "\nfor (int  ix = ",Hole (Typed {_holeType = "int", _holeExpr = "2"}),Raw " ; ix < ",Hole (Typed {_holeType = "int", _holeExpr = "154"}),Raw " ; ix += 1 ){\n  double  a=u[ix+(",Hole (Typed {_holeType = "int", _holeExpr = "148"}),Raw ")]/*True*/;\n double  a_0=u[ix+(",Hole (Typed {_holeType = "int", _holeExpr = "149"}),Raw ")]/*True*/;\n double  a_1=u[ix+(",Hole (Typed {_holeType = "int", _holeExpr = "150"}),Raw ")]/*True*/;\n double  a_2=(a_0-a)/*True*/;\n double  a_3=(a_1-a_0)/*True*/;\n double  a_4=(0.1*a_2)/*True*/;\n double  a_5=(0.1*a_3)/*True*/;\n double  a_6=(a-a_4)/*True*/;\n double  a_7=(a_0-a_5)/*True*/;\n double  a_8=(a_0+a_7)/*True*/;\n double  a_9=(a_7-a_6)/*True*/;\n double  a_10=(0.1*a_9)/*True*/;\n double  a_11=(a_8-a_10)/*True*/;\n  double  a_12=(a_11/2.0)/*True*/;\n \n",Hole (Typed {_holeType = "rsc_surface * __restrict ", _holeExpr = "Rsc0"}),Raw "[ix+(",Hole (Typed {_holeType = "int", _holeExpr = "0"}),Raw ")]=(+a_12);\n\n}\n"]),Raw "\n\nfor (int  ix = 0 ; ix < 2 ;++ ix ){\nRsc0[ix+(",Hole (Typed {_holeType = "int", _holeExpr = "0"}),Raw ")]=Ridge_0_Om_16_r__0_r__1[ix];}\n\n\nfor (int  ix = 0 ; ix < 2 ;++ ix ){\nRsc0[ix+(",Hole (Typed {_holeType = "int", _holeExpr = "154"}),Raw ")]=Facet_1_src__0_dest__1_Recv.Ridge_1_Om_16_r__0_r__1[ix];}\n\n",PotentialSubroutine (Src [Raw "\nfor (int  ix = ",Hole (Typed {_holeType = "int", _holeExpr = "2"}),Raw " ; ix < ",Hole (Typed {_holeType = "int", _holeExpr = "156"}),Raw " ; ix += 1 ){\n  double  a=",Hole (Typed {_holeType = "rsc_surface * __restrict ", _holeExpr = "Rsc0"}),Raw "[ix+(",Hole (Typed {_holeType = "int", _holeExpr = "-2"}),Raw ")]/*True*/;\n double  a_0=",Hole (Typed {_holeType = "rsc_surface * __restrict ", _holeExpr = "Rsc0"}),Raw "[ix+(",Hole (Typed {_holeType = "int", _holeExpr = "-1"}),Raw ")]/*True*/;\n double  a_1=",Hole (Typed {_holeType = "rsc_surface * __restrict ", _holeExpr = "Rsc0"}),Raw "[ix+(",Hole (Typed {_holeType = "int", _holeExpr = "0"}),Raw ")]/*True*/;\n double  a_2=(a_0-a)/*True*/;\n double  a_3=(a_1-a_0)/*True*/;\n double  a_4=(0.1*a_2)/*True*/;\n double  a_5=(0.1*a_3)/*True*/;\n double  a_6=(a-a_4)/*True*/;\n double  a_7=(a_0-a_5)/*True*/;\n double  a_8=(a_0+a_7)/*True*/;\n double  a_9=(a_7-a_6)/*True*/;\n double  a_10=(0.1*a_9)/*True*/;\n double  a_11=(a_8-a_10)/*True*/;\n  double  a_12=(a_11/2.0)/*True*/;\n \n",Hole (Typed {_holeType = "rsc_surface * __restrict ", _holeExpr = "Rsc1"}),Raw "[ix+(",Hole (Typed {_holeType = "int", _holeExpr = "0"}),Raw ")]=(+a_12);\n\n}\n"]),Raw "\n\nfor (int  ix = 0 ; ix < 2 ;++ ix ){\nRsc1[ix+(",Hole (Typed {_holeType = "int", _holeExpr = "0"}),Raw ")]=Ridge_0_Om_17_r__0_r__1[ix];}\n\n\nfor (int  ix = 0 ; ix < 2 ;++ ix ){\nRsc1[ix+(",Hole (Typed {_holeType = "int", _holeExpr = "156"}),Raw ")]=Facet_1_src__0_dest__1_Recv.Ridge_1_Om_17_r__0_r__1[ix];}\n\n",PotentialSubroutine (Src [Raw "\nfor (int  ix = ",Hole (Typed {_holeType = "int", _holeExpr = "2"}),Raw " ; ix < ",Hole (Typed {_holeType = "int", _holeExpr = "158"}),Raw " ; ix += 1 ){\n  double  a=",Hole (Typed {_holeType = "rsc_surface * __restrict ", _holeExpr = "Rsc1"}),Raw "[ix+(",Hole (Typed {_holeType = "int", _holeExpr = "-2"}),Raw ")]/*True*/;\n double  a_0=",Hole (Typed {_holeType = "rsc_surface * __restrict ", _holeExpr = "Rsc1"}),Raw "[ix+(",Hole (Typed {_holeType = "int", _holeExpr = "-1"}),Raw ")]/*True*/;\n double  a_1=",Hole (Typed {_holeType = "rsc_surface * __restrict ", _holeExpr = "Rsc1"}),Raw "[ix+(",Hole (Typed {_holeType = "int", _holeExpr = "0"}),Raw ")]/*True*/;\n double  a_2=(a_0-a)/*True*/;\n double  a_3=(a_1-a_0)/*True*/;\n double  a_4=(0.1*a_2)/*True*/;\n double  a_5=(0.1*a_3)/*True*/;\n double  a_6=(a-a_4)/*True*/;\n double  a_7=(a_0-a_5)/*True*/;\n double  a_8=(a_0+a_7)/*True*/;\n double  a_9=(a_7-a_6)/*True*/;\n double  a_10=(0.1*a_9)/*True*/;\n double  a_11=(a_8-a_10)/*True*/;\n  double  a_12=(a_11/2.0)/*True*/;\n \n",Hole (Typed {_holeType = "rsc_surface * __restrict ", _holeExpr = "Rsc0"}),Raw "[ix+(",Hole (Typed {_holeType = "int", _holeExpr = "0"}),Raw ")]=(+a_12);\n\n}\n"]),Raw "\n\nfor (int  ix = 0 ; ix < 2 ;++ ix ){\nRsc0[ix+(",Hole (Typed {_holeType = "int", _holeExpr = "0"}),Raw ")]=Ridge_0_Om_18_r__0_r__1[ix];}\n\n\nfor (int  ix = 0 ; ix < 2 ;++ ix ){\nRsc0[ix+(",Hole (Typed {_holeType = "int", _holeExpr = "158"}),Raw ")]=Facet_1_src__0_dest__1_Recv.Ridge_1_Om_18_r__0_r__1[ix];}\n\n",PotentialSubroutine (Src [Raw "\nfor (int  ix = ",Hole (Typed {_holeType = "int", _holeExpr = "148"}),Raw " ; ix < ",Hole (Typed {_holeType = "int", _holeExpr = "306"}),Raw " ; ix += 1 ){\n  double  a=",Hole (Typed {_holeType = "rsc_surface * __restrict ", _holeExpr = "Rsc0"}),Raw "[ix+(",Hole (Typed {_holeType = "int", _holeExpr = "-148"}),Raw ")]/*True*/;\n double  a_0=",Hole (Typed {_holeType = "rsc_surface * __restrict ", _holeExpr = "Rsc0"}),Raw "[ix+(",Hole (Typed {_holeType = "int", _holeExpr = "-147"}),Raw ")]/*True*/;\n double  a_1=",Hole (Typed {_holeType = "rsc_surface * __restrict ", _holeExpr = "Rsc0"}),Raw "[ix+(",Hole (Typed {_holeType = "int", _holeExpr = "-146"}),Raw ")]/*True*/;\n double  a_2=(a_0-a)/*True*/;\n double  a_3=(a_1-a_0)/*True*/;\n double  a_4=(0.1*a_2)/*True*/;\n double  a_5=(0.1*a_3)/*True*/;\n double  a_6=(a-a_4)/*True*/;\n double  a_7=(a_0-a_5)/*True*/;\n double  a_8=(a_0+a_7)/*True*/;\n double  a_9=(a_7-a_6)/*True*/;\n double  a_10=(0.1*a_9)/*True*/;\n double  a_11=(a_8-a_10)/*True*/;\n  double  a_12=(a_11/2.0)/*True*/;\n \nu[ix+(",Hole (Typed {_holeType = "int", _holeExpr = "-4"}),Raw ")+(",Hole (Typed {_holeType = "int", _holeExpr = "0"}),Raw ")]=a_12;\n\n}\n"]),Raw "\n}\n"]),("Formura_internal_4.c",Src [Raw "void Formura_internal_4(){\n\nfor (int  ix = 0 ; ix < 2 ;++ ix ){\nFacet_m1_src__1_dest__0_Send.Ridge_m1_St_u[ix]=u[ix+(",Hole (Typed {_holeType = "int", _holeExpr = "300"}),Raw ")];}\n\n",PotentialSubroutine (Src [Raw "\nfor (int  ix = ",Hole (Typed {_holeType = "int", _holeExpr = "0"}),Raw " ; ix < ",Hole (Typed {_holeType = "int", _holeExpr = "148"}),Raw " ; ix += 1 ){\n  double  a=u[ix+(",Hole (Typed {_holeType = "int", _holeExpr = "152"}),Raw ")]/*True*/;\n double  a_0=u[ix+(",Hole (Typed {_holeType = "int", _holeExpr = "153"}),Raw ")]/*True*/;\n double  a_1=u[ix+(",Hole (Typed {_holeType = "int", _holeExpr = "154"}),Raw ")]/*True*/;\n double  a_2=(a_0-a)/*True*/;\n double  a_3=(a_1-a_0)/*True*/;\n double  a_4=(0.1*a_2)/*True*/;\n double  a_5=(0.1*a_3)/*True*/;\n double  a_6=(a-a_4)/*True*/;\n double  a_7=(a_0-a_5)/*True*/;\n double  a_8=(a_0+a_7)/*True*/;\n double  a_9=(a_7-a_6)/*True*/;\n double  a_10=(0.1*a_9)/*True*/;\n double  a_11=(a_8-a_10)/*True*/;\n  double  a_12=(a_11/2.0)/*True*/;\n \n",Hole (Typed {_holeType = "rsc_surface * __restrict ", _holeExpr = "Rsc0"}),Raw "[ix+(",Hole (Typed {_holeType = "int", _holeExpr = "0"}),Raw ")]=(+a_12);\n\n}\n"]),Raw "\n\nfor (int  ix = 0 ; ix < 2 ;++ ix ){\nFacet_m1_src__1_dest__0_Send.Ridge_m1_Om_16_r__1_r__0[ix]=Rsc0[ix+(",Hole (Typed {_holeType = "int", _holeExpr = "146"}),Raw ")];}\n\n\nfor (int  ix = 0 ; ix < 2 ;++ ix ){\nRidge_0_Om_16_r__1_r__0[ix]=Rsc0[ix+(",Hole (Typed {_holeType = "int", _holeExpr = "0"}),Raw ")];}\n\n",PotentialSubroutine (Src [Raw "\nfor (int  ix = ",Hole (Typed {_holeType = "int", _holeExpr = "0"}),Raw " ; ix < ",Hole (Typed {_holeType = "int", _holeExpr = "146"}),Raw " ; ix += 1 ){\n  double  a=",Hole (Typed {_holeType = "rsc_surface * __restrict ", _holeExpr = "Rsc0"}),Raw "[ix+(",Hole (Typed {_holeType = "int", _holeExpr = "0"}),Raw ")]/*True*/;\n double  a_0=",Hole (Typed {_holeType = "rsc_surface * __restrict ", _holeExpr = "Rsc0"}),Raw "[ix+(",Hole (Typed {_holeType = "int", _holeExpr = "1"}),Raw ")]/*True*/;\n double  a_1=",Hole (Typed {_holeType = "rsc_surface * __restrict ", _holeExpr = "Rsc0"}),Raw "[ix+(",Hole (Typed {_holeType = "int", _holeExpr = "2"}),Raw ")]/*True*/;\n double  a_2=(a_0-a)/*True*/;\n double  a_3=(a_1-a_0)/*True*/;\n double  a_4=(0.1*a_2)/*True*/;\n double  a_5=(0.1*a_3)/*True*/;\n double  a_6=(a-a_4)/*True*/;\n double  a_7=(a_0-a_5)/*True*/;\n double  a_8=(a_0+a_7)/*True*/;\n double  a_9=(a_7-a_6)/*True*/;\n double  a_10=(0.1*a_9)/*True*/;\n double  a_11=(a_8-a_10)/*True*/;\n  double  a_12=(a_11/2.0)/*True*/;\n \n",Hole (Typed {_holeType = "rsc_surface * __restrict ", _holeExpr = "Rsc1"}),Raw "[ix+(",Hole (Typed {_holeType = "int", _holeExpr = "0"}),Raw ")]=(+a_12);\n\n}\n"]),Raw "\n\nfor (int  ix = 0 ; ix < 2 ;++ ix ){\nFacet_m1_src__1_dest__0_Send.Ridge_m1_Om_17_r__1_r__0[ix]=Rsc1[ix+(",Hole (Typed {_holeType = "int", _holeExpr = "144"}),Raw ")];}\n\n\nfor (int  ix = 0 ; ix < 2 ;++ ix ){\nRidge_0_Om_17_r__1_r__0[ix]=Rsc1[ix+(",Hole (Typed {_holeType = "int", _holeExpr = "0"}),Raw ")];}\n\n",PotentialSubroutine (Src [Raw "\nfor (int  ix = ",Hole (Typed {_holeType = "int", _holeExpr = "0"}),Raw " ; ix < ",Hole (Typed {_holeType = "int", _holeExpr = "144"}),Raw " ; ix += 1 ){\n  double  a=",Hole (Typed {_holeType = "rsc_surface * __restrict ", _holeExpr = "Rsc1"}),Raw "[ix+(",Hole (Typed {_holeType = "int", _holeExpr = "0"}),Raw ")]/*True*/;\n double  a_0=",Hole (Typed {_holeType = "rsc_surface * __restrict ", _holeExpr = "Rsc1"}),Raw "[ix+(",Hole (Typed {_holeType = "int", _holeExpr = "1"}),Raw ")]/*True*/;\n double  a_1=",Hole (Typed {_holeType = "rsc_surface * __restrict ", _holeExpr = "Rsc1"}),Raw "[ix+(",Hole (Typed {_holeType = "int", _holeExpr = "2"}),Raw ")]/*True*/;\n double  a_2=(a_0-a)/*True*/;\n double  a_3=(a_1-a_0)/*True*/;\n double  a_4=(0.1*a_2)/*True*/;\n double  a_5=(0.1*a_3)/*True*/;\n double  a_6=(a-a_4)/*True*/;\n double  a_7=(a_0-a_5)/*True*/;\n double  a_8=(a_0+a_7)/*True*/;\n double  a_9=(a_7-a_6)/*True*/;\n double  a_10=(0.1*a_9)/*True*/;\n double  a_11=(a_8-a_10)/*True*/;\n  double  a_12=(a_11/2.0)/*True*/;\n \n",Hole (Typed {_holeType = "rsc_surface * __restrict ", _holeExpr = "Rsc0"}),Raw "[ix+(",Hole (Typed {_holeType = "int", _holeExpr = "0"}),Raw ")]=(+a_12);\n\n}\n"]),Raw "\n\nfor (int  ix = 0 ; ix < 2 ;++ ix ){\nFacet_m1_src__1_dest__0_Send.Ridge_m1_Om_18_r__1_r__0[ix]=Rsc0[ix+(",Hole (Typed {_holeType = "int", _holeExpr = "142"}),Raw ")];}\n\n\nfor (int  ix = 0 ; ix < 2 ;++ ix ){\nRidge_0_Om_18_r__1_r__0[ix]=Rsc0[ix+(",Hole (Typed {_holeType = "int", _holeExpr = "0"}),Raw ")];}\n\n",PotentialSubroutine (Src [Raw "\nfor (int  ix = ",Hole (Typed {_holeType = "int", _holeExpr = "156"}),Raw " ; ix < ",Hole (Typed {_holeType = "int", _holeExpr = "298"}),Raw " ; ix += 1 ){\n  double  a=",Hole (Typed {_holeType = "rsc_surface * __restrict ", _holeExpr = "Rsc0"}),Raw "[ix+(",Hole (Typed {_holeType = "int", _holeExpr = "-156"}),Raw ")]/*True*/;\n double  a_0=",Hole (Typed {_holeType = "rsc_surface * __restrict ", _holeExpr = "Rsc0"}),Raw "[ix+(",Hole (Typed {_holeType = "int", _holeExpr = "-155"}),Raw ")]/*True*/;\n double  a_1=",Hole (Typed {_holeType = "rsc_surface * __restrict ", _holeExpr = "Rsc0"}),Raw "[ix+(",Hole (Typed {_holeType = "int", _holeExpr = "-154"}),Raw ")]/*True*/;\n double  a_2=(a_0-a)/*True*/;\n double  a_3=(a_1-a_0)/*True*/;\n double  a_4=(0.1*a_2)/*True*/;\n double  a_5=(0.1*a_3)/*True*/;\n double  a_6=(a-a_4)/*True*/;\n double  a_7=(a_0-a_5)/*True*/;\n double  a_8=(a_0+a_7)/*True*/;\n double  a_9=(a_7-a_6)/*True*/;\n double  a_10=(0.1*a_9)/*True*/;\n double  a_11=(a_8-a_10)/*True*/;\n  double  a_12=(a_11/2.0)/*True*/;\n \nu[ix+(",Hole (Typed {_holeType = "int", _holeExpr = "4"}),Raw ")+(",Hole (Typed {_holeType = "int", _holeExpr = "0"}),Raw ")]=a_12;\n\n}\n"]),Raw "\n}\n"]),("Formura_internal_5.c",Src [Raw "void Formura_internal_5(){\n\nfor (int  ix = 0 ; ix < 2 ;++ ix ){\nu[ix+(",Hole (Typed {_holeType = "int", _holeExpr = "0"}),Raw ")]=Facet_m1_src__1_dest__0_Recv.Ridge_m1_St_u[ix];}\n\n",PotentialSubroutine (Src [Raw "\nfor (int  ix = ",Hole (Typed {_holeType = "int", _holeExpr = "2"}),Raw " ; ix < ",Hole (Typed {_holeType = "int", _holeExpr = "154"}),Raw " ; ix += 1 ){\n  double  a=u[ix+(",Hole (Typed {_holeType = "int", _holeExpr = "-2"}),Raw ")]/*True*/;\n double  a_0=u[ix+(",Hole (Typed {_holeType = "int", _holeExpr = "-1"}),Raw ")]/*True*/;\n double  a_1=u[ix+(",Hole (Typed {_holeType = "int", _holeExpr = "0"}),Raw ")]/*True*/;\n double  a_2=(a_0-a)/*True*/;\n double  a_3=(a_1-a_0)/*True*/;\n double  a_4=(0.1*a_2)/*True*/;\n double  a_5=(0.1*a_3)/*True*/;\n double  a_6=(a-a_4)/*True*/;\n double  a_7=(a_0-a_5)/*True*/;\n double  a_8=(a_0+a_7)/*True*/;\n double  a_9=(a_7-a_6)/*True*/;\n double  a_10=(0.1*a_9)/*True*/;\n double  a_11=(a_8-a_10)/*True*/;\n  double  a_12=(a_11/2.0)/*True*/;\n \n",Hole (Typed {_holeType = "rsc_surface * __restrict ", _holeExpr = "Rsc0"}),Raw "[ix+(",Hole (Typed {_holeType = "int", _holeExpr = "0"}),Raw ")]=(+a_12);\n\n}\n"]),Raw "\n\nfor (int  ix = 0 ; ix < 2 ;++ ix ){\nRsc0[ix+(",Hole (Typed {_holeType = "int", _holeExpr = "0"}),Raw ")]=Facet_m1_src__1_dest__0_Recv.Ridge_m1_Om_16_r__1_r__0[ix];}\n\n\nfor (int  ix = 0 ; ix < 2 ;++ ix ){\nRsc0[ix+(",Hole (Typed {_holeType = "int", _holeExpr = "154"}),Raw ")]=Ridge_0_Om_16_r__1_r__0[ix];}\n\n",PotentialSubroutine (Src [Raw "\nfor (int  ix = ",Hole (Typed {_holeType = "int", _holeExpr = "2"}),Raw " ; ix < ",Hole (Typed {_holeType = "int", _holeExpr = "156"}),Raw " ; ix += 1 ){\n  double  a=",Hole (Typed {_holeType = "rsc_surface * __restrict ", _holeExpr = "Rsc0"}),Raw "[ix+(",Hole (Typed {_holeType = "int", _holeExpr = "-2"}),Raw ")]/*True*/;\n double  a_0=",Hole (Typed {_holeType = "rsc_surface * __restrict ", _holeExpr = "Rsc0"}),Raw "[ix+(",Hole (Typed {_holeType = "int", _holeExpr = "-1"}),Raw ")]/*True*/;\n double  a_1=",Hole (Typed {_holeType = "rsc_surface * __restrict ", _holeExpr = "Rsc0"}),Raw "[ix+(",Hole (Typed {_holeType = "int", _holeExpr = "0"}),Raw ")]/*True*/;\n double  a_2=(a_0-a)/*True*/;\n double  a_3=(a_1-a_0)/*True*/;\n double  a_4=(0.1*a_2)/*True*/;\n double  a_5=(0.1*a_3)/*True*/;\n double  a_6=(a-a_4)/*True*/;\n double  a_7=(a_0-a_5)/*True*/;\n double  a_8=(a_0+a_7)/*True*/;\n double  a_9=(a_7-a_6)/*True*/;\n double  a_10=(0.1*a_9)/*True*/;\n double  a_11=(a_8-a_10)/*True*/;\n  double  a_12=(a_11/2.0)/*True*/;\n \n",Hole (Typed {_holeType = "rsc_surface * __restrict ", _holeExpr = "Rsc1"}),Raw "[ix+(",Hole (Typed {_holeType = "int", _holeExpr = "0"}),Raw ")]=(+a_12);\n\n}\n"]),Raw "\n\nfor (int  ix = 0 ; ix < 2 ;++ ix ){\nRsc1[ix+(",Hole (Typed {_holeType = "int", _holeExpr = "0"}),Raw ")]=Facet_m1_src__1_dest__0_Recv.Ridge_m1_Om_17_r__1_r__0[ix];}\n\n\nfor (int  ix = 0 ; ix < 2 ;++ ix ){\nRsc1[ix+(",Hole (Typed {_holeType = "int", _holeExpr = "156"}),Raw ")]=Ridge_0_Om_17_r__1_r__0[ix];}\n\n",PotentialSubroutine (Src [Raw "\nfor (int  ix = ",Hole (Typed {_holeType = "int", _holeExpr = "2"}),Raw " ; ix < ",Hole (Typed {_holeType = "int", _holeExpr = "158"}),Raw " ; ix += 1 ){\n  double  a=",Hole (Typed {_holeType = "rsc_surface * __restrict ", _holeExpr = "Rsc1"}),Raw "[ix+(",Hole (Typed {_holeType = "int", _holeExpr = "-2"}),Raw ")]/*True*/;\n double  a_0=",Hole (Typed {_holeType = "rsc_surface * __restrict ", _holeExpr = "Rsc1"}),Raw "[ix+(",Hole (Typed {_holeType = "int", _holeExpr = "-1"}),Raw ")]/*True*/;\n double  a_1=",Hole (Typed {_holeType = "rsc_surface * __restrict ", _holeExpr = "Rsc1"}),Raw "[ix+(",Hole (Typed {_holeType = "int", _holeExpr = "0"}),Raw ")]/*True*/;\n double  a_2=(a_0-a)/*True*/;\n double  a_3=(a_1-a_0)/*True*/;\n double  a_4=(0.1*a_2)/*True*/;\n double  a_5=(0.1*a_3)/*True*/;\n double  a_6=(a-a_4)/*True*/;\n double  a_7=(a_0-a_5)/*True*/;\n double  a_8=(a_0+a_7)/*True*/;\n double  a_9=(a_7-a_6)/*True*/;\n double  a_10=(0.1*a_9)/*True*/;\n double  a_11=(a_8-a_10)/*True*/;\n  double  a_12=(a_11/2.0)/*True*/;\n \n",Hole (Typed {_holeType = "rsc_surface * __restrict ", _holeExpr = "Rsc0"}),Raw "[ix+(",Hole (Typed {_holeType = "int", _holeExpr = "0"}),Raw ")]=(+a_12);\n\n}\n"]),Raw "\n\nfor (int  ix = 0 ; ix < 2 ;++ ix ){\nRsc0[ix+(",Hole (Typed {_holeType = "int", _holeExpr = "0"}),Raw ")]=Facet_m1_src__1_dest__0_Recv.Ridge_m1_Om_18_r__1_r__0[ix];}\n\n\nfor (int  ix = 0 ; ix < 2 ;++ ix ){\nRsc0[ix+(",Hole (Typed {_holeType = "int", _holeExpr = "158"}),Raw ")]=Ridge_0_Om_18_r__1_r__0[ix];}\n\n",PotentialSubroutine (Src [Raw "\nfor (int  ix = ",Hole (Typed {_holeType = "int", _holeExpr = "-2"}),Raw " ; ix < ",Hole (Typed {_holeType = "int", _holeExpr = "156"}),Raw " ; ix += 1 ){\n  double  a=",Hole (Typed {_holeType = "rsc_surface * __restrict ", _holeExpr = "Rsc0"}),Raw "[ix+(",Hole (Typed {_holeType = "int", _holeExpr = "2"}),Raw ")]/*True*/;\n double  a_0=",Hole (Typed {_holeType = "rsc_surface * __restrict ", _holeExpr = "Rsc0"}),Raw "[ix+(",Hole (Typed {_holeType = "int", _holeExpr = "3"}),Raw ")]/*True*/;\n double  a_1=",Hole (Typed {_holeType = "rsc_surface * __restrict ", _holeExpr = "Rsc0"}),Raw "[ix+(",Hole (Typed {_holeType = "int", _holeExpr = "4"}),Raw ")]/*True*/;\n double  a_2=(a_0-a)/*True*/;\n double  a_3=(a_1-a_0)/*True*/;\n double  a_4=(0.1*a_2)/*True*/;\n double  a_5=(0.1*a_3)/*True*/;\n double  a_6=(a-a_4)/*True*/;\n double  a_7=(a_0-a_5)/*True*/;\n double  a_8=(a_0+a_7)/*True*/;\n double  a_9=(a_7-a_6)/*True*/;\n double  a_10=(0.1*a_9)/*True*/;\n double  a_11=(a_8-a_10)/*True*/;\n  double  a_12=(a_11/2.0)/*True*/;\n \nu[ix+(",Hole (Typed {_holeType = "int", _holeExpr = "4"}),Raw ")+(",Hole (Typed {_holeType = "int", _holeExpr = "0"}),Raw ")]=a_12;\n\n}\n"]),Raw "\n}\n"])]}
Found 16 subroutines.
Found 3 subroutine groups.
("Count of typed holes #",1,10)
("Count of typed holes #",2,10)
("Count of typed holes #",3,7)
### cprog1
CProgram {_headerFileContent = Src [Raw "\n#pragma once\n#ifdef __cplusplus\nextern \"C\"\n{\n#endif\n#include <mpi.h>\n\n\n#define NX  300\ntypedef double rsc_surface;\nextern double u[306];\nextern double Rsc0[160];\nextern double Rsc1[160];\nstruct Facet_1_src__0_dest__1{double Ridge_1_St_u[2];\ndouble Ridge_1_Om_16_r__0_r__1[2];\ndouble Ridge_1_Om_17_r__0_r__1[2];\ndouble Ridge_1_Om_18_r__0_r__1[2];\n};extern struct Facet_1_src__0_dest__1 Facet_1_src__0_dest__1_Send;extern struct Facet_1_src__0_dest__1 Facet_1_src__0_dest__1_Recv;extern MPI_Request req_Facet_1_src__0_dest__1;\n\nextern double Ridge_0_Om_16_r__0_r__1[2];\nextern double Ridge_0_Om_17_r__0_r__1[2];\nextern double Ridge_0_Om_18_r__0_r__1[2];\ntypedef double rsc_surface;\nstruct Facet_m1_src__1_dest__0{double Ridge_m1_St_u[2];\ndouble Ridge_m1_Om_16_r__1_r__0[2];\ndouble Ridge_m1_Om_17_r__1_r__0[2];\ndouble Ridge_m1_Om_18_r__1_r__0[2];\n};extern struct Facet_m1_src__1_dest__0 Facet_m1_src__1_dest__0_Send;extern struct Facet_m1_src__1_dest__0 Facet_m1_src__1_dest__0_Recv;extern MPI_Request req_Facet_m1_src__1_dest__0;\n\nextern double Ridge_0_Om_16_r__1_r__0[2];\nextern double Ridge_0_Om_17_r__1_r__0[2];\nextern double Ridge_0_Om_18_r__1_r__0[2];\n\nstruct Formura_Navigator {\nint time_step;\nint lower_x;\nint upper_x;\nint offset_x;\nMPI_Comm mpi_comm;\nint mpi_my_rank;\nint mpi_rank__m1;\nint mpi_rank__0;\nint mpi_rank__1;\n};\nextern struct Formura_Navigator navi;\n\nint Formura_Init (struct Formura_Navigator *navi, MPI_Comm comm);\n\nvoid Formura_internal();\nvoid Formura_internal_3();\nvoid Formura_internal_4();\nvoid Formura_internal_5();\n/*INSERT SUBROUTINES HERE*/\nint Formura_Forward (struct Formura_Navigator *navi);\n#ifdef __cplusplus\n}\n#endif\n"], _sourceFileContent = Src [Raw "\n#include <mpi.h>\n#include <math.h>\n#include <stdbool.h>\n\n#include \"maccormack.h\"\n\n\n\ndouble u[306];\ndouble Rsc0[160];\ndouble Rsc1[160];\nstruct Facet_1_src__0_dest__1 Facet_1_src__0_dest__1_Send;struct Facet_1_src__0_dest__1 Facet_1_src__0_dest__1_Recv;MPI_Request req_Facet_1_src__0_dest__1;\n\ndouble Ridge_0_Om_16_r__0_r__1[2];\ndouble Ridge_0_Om_17_r__0_r__1[2];\ndouble Ridge_0_Om_18_r__0_r__1[2];\nstruct Facet_m1_src__1_dest__0 Facet_m1_src__1_dest__0_Send;struct Facet_m1_src__1_dest__0 Facet_m1_src__1_dest__0_Recv;MPI_Request req_Facet_m1_src__1_dest__0;\n\ndouble Ridge_0_Om_16_r__1_r__0[2];\ndouble Ridge_0_Om_17_r__1_r__0[2];\ndouble Ridge_0_Om_18_r__1_r__0[2];\n\nstruct Formura_Navigator navi;\n\nvoid Formura_decode_mpi_rank (int r, int *ix){\nint s=r;\n*ix=s%1;\ns=s/1;\n}\nint Formura_encode_mpi_rank ( int ix){\nint s = 0;\ns *= 1;\ns += (ix%1+1)%1;\nreturn s;}\nint Formura_Init (struct Formura_Navigator *navi, MPI_Comm comm){\nint ix;\nnavi->mpi_comm = comm;\n{int r; MPI_Comm_rank(comm,&r);navi->mpi_my_rank = r;}\nFormura_decode_mpi_rank( navi->mpi_my_rank, &ix);\nnavi->mpi_rank__m1=Formura_encode_mpi_rank( ix+(",Hole (Typed {_holeType = "int", _holeExpr = "-1"}),Raw "));\nnavi->mpi_rank__0=Formura_encode_mpi_rank( ix+(",Hole (Typed {_holeType = "int", _holeExpr = "0"}),Raw "));\nnavi->mpi_rank__1=Formura_encode_mpi_rank( ix+(",Hole (Typed {_holeType = "int", _holeExpr = "1"}),Raw "));\nnavi->time_step=0;\nnavi->offset_x=ix*300-2;\nnavi->lower_x=2;\nnavi->upper_x=2+300;\nreturn 0;}\n\n\nint Formura_Forward (struct Formura_Navigator *navi){\nfor(int timestep=0;timestep<1;++timestep){\nFormura_internal();\nMPI_Irecv( (void*) &Facet_1_src__0_dest__1_Recv , sizeof(struct Facet_1_src__0_dest__1) , MPI_BYTE, navi->mpi_rank__1, 0 , navi->mpi_comm, &req_Facet_1_src__0_dest__1 );\n MPI_Isend( (void*) &Facet_1_src__0_dest__1_Send , sizeof(struct Facet_1_src__0_dest__1) , MPI_BYTE, navi->mpi_rank__m1, 0 , navi->mpi_comm, &req_Facet_1_src__0_dest__1 );\n\nMPI_Wait(&req_Facet_1_src__0_dest__1,MPI_STATUS_IGNORE);\n\nFormura_internal_3();\n\n/* HALFWAYS */\nFormura_internal_4();\nMPI_Irecv( (void*) &Facet_m1_src__1_dest__0_Recv , sizeof(struct Facet_m1_src__1_dest__0) , MPI_BYTE, navi->mpi_rank__m1, 0 , navi->mpi_comm, &req_Facet_m1_src__1_dest__0 );\n MPI_Isend( (void*) &Facet_m1_src__1_dest__0_Send , sizeof(struct Facet_m1_src__1_dest__0) , MPI_BYTE, navi->mpi_rank__1, 0 , navi->mpi_comm, &req_Facet_m1_src__1_dest__0 );\n\nMPI_Wait(&req_Facet_m1_src__1_dest__0,MPI_STATUS_IGNORE);\n\nFormura_internal_5();\n\n\n}\nnavi->time_step += 8;\nreturn 0;}\n"], _auxFilesContent = fromList [("Formura_internal.c",Src [Raw "void Formura_internal(){\n\nfor (int  ix = 0 ; ix < 2 ;++ ix ){\nFacet_1_src__0_dest__1_Send.Ridge_1_St_u[ix]=u[ix+(",Hole (Typed {_holeType = "int", _holeExpr = "2"}),Raw ")];}\n\n",Raw "Formura_subroutine_2(0,148,2,3,4,Rsc0,0);\n",Raw "\n\nfor (int  ix = 0 ; ix < 2 ;++ ix ){\nRidge_0_Om_16_r__0_r__1[ix]=Rsc0[ix+(",Hole (Typed {_holeType = "int", _holeExpr = "146"}),Raw ")];}\n\n\nfor (int  ix = 0 ; ix < 2 ;++ ix ){\nFacet_1_src__0_dest__1_Send.Ridge_1_Om_16_r__0_r__1[ix]=Rsc0[ix+(",Hole (Typed {_holeType = "int", _holeExpr = "0"}),Raw ")];}\n\n",Raw "Formura_subroutine_0(0,146,Rsc0,0,Rsc0,1,Rsc0,2,Rsc1,0);\n",Raw "\n\nfor (int  ix = 0 ; ix < 2 ;++ ix ){\nRidge_0_Om_17_r__0_r__1[ix]=Rsc1[ix+(",Hole (Typed {_holeType = "int", _holeExpr = "144"}),Raw ")];}\n\n\nfor (int  ix = 0 ; ix < 2 ;++ ix ){\nFacet_1_src__0_dest__1_Send.Ridge_1_Om_17_r__0_r__1[ix]=Rsc1[ix+(",Hole (Typed {_holeType = "int", _holeExpr = "0"}),Raw ")];}\n\n",Raw "Formura_subroutine_0(0,144,Rsc1,0,Rsc1,1,Rsc1,2,Rsc0,0);\n",Raw "\n\nfor (int  ix = 0 ; ix < 2 ;++ ix ){\nRidge_0_Om_18_r__0_r__1[ix]=Rsc0[ix+(",Hole (Typed {_holeType = "int", _holeExpr = "142"}),Raw ")];}\n\n\nfor (int  ix = 0 ; ix < 2 ;++ ix ){\nFacet_1_src__0_dest__1_Send.Ridge_1_Om_18_r__0_r__1[ix]=Rsc0[ix+(",Hole (Typed {_holeType = "int", _holeExpr = "0"}),Raw ")];}\n\n",Raw "Formura_subroutine_1(6,148,Rsc0,-6,Rsc0,-5,Rsc0,-4,-4,0);\n",Raw "\n}\n"]),("Formura_internal_3.c",Src [Raw "void Formura_internal_3(){\n\nfor (int  ix = 0 ; ix < 2 ;++ ix ){\nu[ix+(",Hole (Typed {_holeType = "int", _holeExpr = "302"}),Raw ")]=Facet_1_src__0_dest__1_Recv.Ridge_1_St_u[ix];}\n\n",Raw "Formura_subroutine_2(2,154,148,149,150,Rsc0,0);\n",Raw "\n\nfor (int  ix = 0 ; ix < 2 ;++ ix ){\nRsc0[ix+(",Hole (Typed {_holeType = "int", _holeExpr = "0"}),Raw ")]=Ridge_0_Om_16_r__0_r__1[ix];}\n\n\nfor (int  ix = 0 ; ix < 2 ;++ ix ){\nRsc0[ix+(",Hole (Typed {_holeType = "int", _holeExpr = "154"}),Raw ")]=Facet_1_src__0_dest__1_Recv.Ridge_1_Om_16_r__0_r__1[ix];}\n\n",Raw "Formura_subroutine_0(2,156,Rsc0,-2,Rsc0,-1,Rsc0,0,Rsc1,0);\n",Raw "\n\nfor (int  ix = 0 ; ix < 2 ;++ ix ){\nRsc1[ix+(",Hole (Typed {_holeType = "int", _holeExpr = "0"}),Raw ")]=Ridge_0_Om_17_r__0_r__1[ix];}\n\n\nfor (int  ix = 0 ; ix < 2 ;++ ix ){\nRsc1[ix+(",Hole (Typed {_holeType = "int", _holeExpr = "156"}),Raw ")]=Facet_1_src__0_dest__1_Recv.Ridge_1_Om_17_r__0_r__1[ix];}\n\n",Raw "Formura_subroutine_0(2,158,Rsc1,-2,Rsc1,-1,Rsc1,0,Rsc0,0);\n",Raw "\n\nfor (int  ix = 0 ; ix < 2 ;++ ix ){\nRsc0[ix+(",Hole (Typed {_holeType = "int", _holeExpr = "0"}),Raw ")]=Ridge_0_Om_18_r__0_r__1[ix];}\n\n\nfor (int  ix = 0 ; ix < 2 ;++ ix ){\nRsc0[ix+(",Hole (Typed {_holeType = "int", _holeExpr = "158"}),Raw ")]=Facet_1_src__0_dest__1_Recv.Ridge_1_Om_18_r__0_r__1[ix];}\n\n",Raw "Formura_subroutine_1(148,306,Rsc0,-148,Rsc0,-147,Rsc0,-146,-4,0);\n",Raw "\n}\n"]),("Formura_internal_4.c",Src [Raw "void Formura_internal_4(){\n\nfor (int  ix = 0 ; ix < 2 ;++ ix ){\nFacet_m1_src__1_dest__0_Send.Ridge_m1_St_u[ix]=u[ix+(",Hole (Typed {_holeType = "int", _holeExpr = "300"}),Raw ")];}\n\n",Raw "Formura_subroutine_2(0,148,152,153,154,Rsc0,0);\n",Raw "\n\nfor (int  ix = 0 ; ix < 2 ;++ ix ){\nFacet_m1_src__1_dest__0_Send.Ridge_m1_Om_16_r__1_r__0[ix]=Rsc0[ix+(",Hole (Typed {_holeType = "int", _holeExpr = "146"}),Raw ")];}\n\n\nfor (int  ix = 0 ; ix < 2 ;++ ix ){\nRidge_0_Om_16_r__1_r__0[ix]=Rsc0[ix+(",Hole (Typed {_holeType = "int", _holeExpr = "0"}),Raw ")];}\n\n",Raw "Formura_subroutine_0(0,146,Rsc0,0,Rsc0,1,Rsc0,2,Rsc1,0);\n",Raw "\n\nfor (int  ix = 0 ; ix < 2 ;++ ix ){\nFacet_m1_src__1_dest__0_Send.Ridge_m1_Om_17_r__1_r__0[ix]=Rsc1[ix+(",Hole (Typed {_holeType = "int", _holeExpr = "144"}),Raw ")];}\n\n\nfor (int  ix = 0 ; ix < 2 ;++ ix ){\nRidge_0_Om_17_r__1_r__0[ix]=Rsc1[ix+(",Hole (Typed {_holeType = "int", _holeExpr = "0"}),Raw ")];}\n\n",Raw "Formura_subroutine_0(0,144,Rsc1,0,Rsc1,1,Rsc1,2,Rsc0,0);\n",Raw "\n\nfor (int  ix = 0 ; ix < 2 ;++ ix ){\nFacet_m1_src__1_dest__0_Send.Ridge_m1_Om_18_r__1_r__0[ix]=Rsc0[ix+(",Hole (Typed {_holeType = "int", _holeExpr = "142"}),Raw ")];}\n\n\nfor (int  ix = 0 ; ix < 2 ;++ ix ){\nRidge_0_Om_18_r__1_r__0[ix]=Rsc0[ix+(",Hole (Typed {_holeType = "int", _holeExpr = "0"}),Raw ")];}\n\n",Raw "Formura_subroutine_1(156,298,Rsc0,-156,Rsc0,-155,Rsc0,-154,4,0);\n",Raw "\n}\n"]),("Formura_internal_5.c",Src [Raw "void Formura_internal_5(){\n\nfor (int  ix = 0 ; ix < 2 ;++ ix ){\nu[ix+(",Hole (Typed {_holeType = "int", _holeExpr = "0"}),Raw ")]=Facet_m1_src__1_dest__0_Recv.Ridge_m1_St_u[ix];}\n\n",Raw "Formura_subroutine_2(2,154,-2,-1,0,Rsc0,0);\n",Raw "\n\nfor (int  ix = 0 ; ix < 2 ;++ ix ){\nRsc0[ix+(",Hole (Typed {_holeType = "int", _holeExpr = "0"}),Raw ")]=Facet_m1_src__1_dest__0_Recv.Ridge_m1_Om_16_r__1_r__0[ix];}\n\n\nfor (int  ix = 0 ; ix < 2 ;++ ix ){\nRsc0[ix+(",Hole (Typed {_holeType = "int", _holeExpr = "154"}),Raw ")]=Ridge_0_Om_16_r__1_r__0[ix];}\n\n",Raw "Formura_subroutine_0(2,156,Rsc0,-2,Rsc0,-1,Rsc0,0,Rsc1,0);\n",Raw "\n\nfor (int  ix = 0 ; ix < 2 ;++ ix ){\nRsc1[ix+(",Hole (Typed {_holeType = "int", _holeExpr = "0"}),Raw ")]=Facet_m1_src__1_dest__0_Recv.Ridge_m1_Om_17_r__1_r__0[ix];}\n\n\nfor (int  ix = 0 ; ix < 2 ;++ ix ){\nRsc1[ix+(",Hole (Typed {_holeType = "int", _holeExpr = "156"}),Raw ")]=Ridge_0_Om_17_r__1_r__0[ix];}\n\n",Raw "Formura_subroutine_0(2,158,Rsc1,-2,Rsc1,-1,Rsc1,0,Rsc0,0);\n",Raw "\n\nfor (int  ix = 0 ; ix < 2 ;++ ix ){\nRsc0[ix+(",Hole (Typed {_holeType = "int", _holeExpr = "0"}),Raw ")]=Facet_m1_src__1_dest__0_Recv.Ridge_m1_Om_18_r__1_r__0[ix];}\n\n\nfor (int  ix = 0 ; ix < 2 ;++ ix ){\nRsc0[ix+(",Hole (Typed {_holeType = "int", _holeExpr = "158"}),Raw ")]=Ridge_0_Om_18_r__1_r__0[ix];}\n\n",Raw "Formura_subroutine_1(-2,156,Rsc0,2,Rsc0,3,Rsc0,4,4,0);\n",Raw "\n}\n"])]}
